2019-07-02 14:34:26 - PHP Warning:  mail(): Failed to connect to mailserver at &quot;localhost&quot; port 25, verify your &quot;SMTP&quot; and &quot;smtp_port&quot; setting in php.ini or use ini_set() in D:\Server\www\asper.xml\system\library\mail\mail.php on line 77
2019-07-02 14:34:27 - PHP Warning:  mail(): Failed to connect to mailserver at &quot;localhost&quot; port 25, verify your &quot;SMTP&quot; and &quot;smtp_port&quot; setting in php.ini or use ini_set() in D:\Server\www\asper.xml\system\library\mail\mail.php on line 77
2019-07-03 12:59:51 - PHP Notice:  Undefined variable: url in D:\Server\www\asper.xml\admin\controller\extension\module\asper_xml_suppliers.php on line 29
2019-07-08 6:56:44 - PHP Warning:  mysqli::__construct(): (HY000/1045): Access denied for user 'root'@'localhost' (using password: YES) in D:\server\OSPanel\domains\asper.xml\system\library\db\mysqli.php on line 7
2019-07-08 6:56:44 - PHP Warning:  DB\MySQLi::__construct(): Couldn't fetch mysqli in D:\server\OSPanel\domains\asper.xml\system\library\db\mysqli.php on line 10
2019-07-08 6:56:44 - PHP Warning:  DB\MySQLi::__construct(): Couldn't fetch mysqli in D:\server\OSPanel\domains\asper.xml\system\library\db\mysqli.php on line 10
2019-07-10 15:36:41 - PHP Warning:  file_get_contents(D:/Server/www/asper.xml/catalog//../yml2.xml): failed to open stream: No such file or directory in D:\Server\www\asper.xml\admin\controller\extension\module\asper_xml_suppliers.php on line 266
2019-07-10 15:37:12 - PHP Warning:  file_get_contents(D:/Server/www/asper.xml/catalog/../yml2.xml): failed to open stream: No such file or directory in D:\Server\www\asper.xml\admin\controller\extension\module\asper_xml_suppliers.php on line 266
2019-07-15 17:22:37 - PHP Warning:  fopen(D:/Server/www/asper.xml/admin/view/stylesheet/bootstrap.css): failed to open stream: Permission denied in D:\Server\www\asper.xml\admin\controller\startup\sass.php on line 14
2019-07-15 17:22:37 - PHP Warning:  flock() expects parameter 1 to be resource, boolean given in D:\Server\www\asper.xml\admin\controller\startup\sass.php on line 16
2019-07-15 17:22:37 - PHP Warning:  fwrite() expects parameter 1 to be resource, boolean given in D:\Server\www\asper.xml\admin\controller\startup\sass.php on line 18
2019-07-15 17:22:37 - PHP Warning:  fflush() expects parameter 1 to be resource, boolean given in D:\Server\www\asper.xml\admin\controller\startup\sass.php on line 20
2019-07-15 17:22:37 - PHP Warning:  flock() expects parameter 1 to be resource, boolean given in D:\Server\www\asper.xml\admin\controller\startup\sass.php on line 22
2019-07-15 17:22:37 - PHP Warning:  fclose() expects parameter 1 to be resource, boolean given in D:\Server\www\asper.xml\admin\controller\startup\sass.php on line 24
2019-07-16 18:05:19 - PHP Notice:  Undefined property: Registry::$db in D:\Server\www\asper.xml\system\library\suppliers\SupplierParser.php on line 17
2019-07-16 18:09:54 - PHP Notice:  Undefined index: keword in D:\Server\www\asper.xml\system\library\suppliers\SupplierParser.php on line 165
2019-07-16 18:09:54 - PHP Notice:  Undefined index: keword in D:\Server\www\asper.xml\system\library\suppliers\SupplierParser.php on line 165
2019-07-16 18:09:54 - PHP Notice:  Undefined index: keword in D:\Server\www\asper.xml\system\library\suppliers\SupplierParser.php on line 165
2019-07-16 18:09:54 - PHP Notice:  Undefined index: keword in D:\Server\www\asper.xml\system\library\suppliers\SupplierParser.php on line 165
2019-07-16 18:09:54 - PHP Notice:  Undefined index: keword in D:\Server\www\asper.xml\system\library\suppliers\SupplierParser.php on line 165
2019-07-16 18:09:54 - PHP Notice:  Undefined index: keword in D:\Server\www\asper.xml\system\library\suppliers\SupplierParser.php on line 165
2019-07-16 18:09:54 - PHP Notice:  Undefined index: keword in D:\Server\www\asper.xml\system\library\suppliers\SupplierParser.php on line 165
2019-07-16 18:09:54 - PHP Notice:  Undefined index: keword in D:\Server\www\asper.xml\system\library\suppliers\SupplierParser.php on line 165
2019-07-16 18:09:54 - PHP Notice:  Undefined index: keword in D:\Server\www\asper.xml\system\library\suppliers\SupplierParser.php on line 165
2019-07-16 18:09:54 - PHP Notice:  Undefined index: keword in D:\Server\www\asper.xml\system\library\suppliers\SupplierParser.php on line 165
2019-07-16 18:09:54 - PHP Notice:  Undefined index: keword in D:\Server\www\asper.xml\system\library\suppliers\SupplierParser.php on line 165
2019-07-16 18:09:54 - PHP Notice:  Undefined index: keword in D:\Server\www\asper.xml\system\library\suppliers\SupplierParser.php on line 165
2019-07-16 18:09:54 - PHP Notice:  Undefined index: keword in D:\Server\www\asper.xml\system\library\suppliers\SupplierParser.php on line 165
2019-07-16 18:09:54 - PHP Notice:  Undefined index: keword in D:\Server\www\asper.xml\system\library\suppliers\SupplierParser.php on line 165
2019-07-16 18:09:54 - PHP Notice:  Undefined index: keword in D:\Server\www\asper.xml\system\library\suppliers\SupplierParser.php on line 165
2019-07-16 18:09:54 - PHP Notice:  Undefined index: keword in D:\Server\www\asper.xml\system\library\suppliers\SupplierParser.php on line 165
2019-07-16 18:09:54 - PHP Notice:  Undefined index: keword in D:\Server\www\asper.xml\system\library\suppliers\SupplierParser.php on line 165
2019-07-16 18:09:54 - PHP Notice:  Undefined index: keword in D:\Server\www\asper.xml\system\library\suppliers\SupplierParser.php on line 165
2019-07-16 18:09:54 - PHP Notice:  Undefined index: keword in D:\Server\www\asper.xml\system\library\suppliers\SupplierParser.php on line 165
2019-07-16 18:09:54 - PHP Notice:  Undefined index: keword in D:\Server\www\asper.xml\system\library\suppliers\SupplierParser.php on line 165
2019-07-16 18:09:54 - PHP Notice:  Undefined index: keword in D:\Server\www\asper.xml\system\library\suppliers\SupplierParser.php on line 165
2019-07-16 18:09:54 - PHP Notice:  Undefined index: keword in D:\Server\www\asper.xml\system\library\suppliers\SupplierParser.php on line 165
2019-07-16 18:09:54 - PHP Notice:  Undefined index: keword in D:\Server\www\asper.xml\system\library\suppliers\SupplierParser.php on line 165
2019-07-16 18:09:54 - PHP Notice:  Undefined index: keword in D:\Server\www\asper.xml\system\library\suppliers\SupplierParser.php on line 165
2019-07-16 18:09:54 - PHP Notice:  Undefined index: keword in D:\Server\www\asper.xml\system\library\suppliers\SupplierParser.php on line 165
2019-07-16 18:09:54 - PHP Notice:  Undefined index: keword in D:\Server\www\asper.xml\system\library\suppliers\SupplierParser.php on line 165
2019-07-16 18:09:54 - PHP Notice:  Undefined index: keword in D:\Server\www\asper.xml\system\library\suppliers\SupplierParser.php on line 165
2019-07-16 18:09:54 - PHP Notice:  Undefined index: keword in D:\Server\www\asper.xml\system\library\suppliers\SupplierParser.php on line 165
2019-07-16 18:09:54 - PHP Notice:  Undefined index: keword in D:\Server\www\asper.xml\system\library\suppliers\SupplierParser.php on line 165
2019-07-16 18:09:54 - PHP Notice:  Undefined index: keword in D:\Server\www\asper.xml\system\library\suppliers\SupplierParser.php on line 165
2019-07-16 18:09:54 - PHP Notice:  Undefined index: keword in D:\Server\www\asper.xml\system\library\suppliers\SupplierParser.php on line 165
2019-07-16 18:09:54 - PHP Notice:  Undefined index: keword in D:\Server\www\asper.xml\system\library\suppliers\SupplierParser.php on line 165
2019-07-16 18:09:54 - PHP Notice:  Undefined index: keword in D:\Server\www\asper.xml\system\library\suppliers\SupplierParser.php on line 165
2019-07-16 18:09:54 - PHP Notice:  Undefined index: keword in D:\Server\www\asper.xml\system\library\suppliers\SupplierParser.php on line 165
2019-07-16 18:09:54 - PHP Notice:  Undefined index: keword in D:\Server\www\asper.xml\system\library\suppliers\SupplierParser.php on line 165
2019-07-16 18:09:54 - PHP Notice:  Undefined index: keword in D:\Server\www\asper.xml\system\library\suppliers\SupplierParser.php on line 165
2019-07-16 18:09:54 - PHP Notice:  Undefined index: keword in D:\Server\www\asper.xml\system\library\suppliers\SupplierParser.php on line 165
2019-07-16 18:09:54 - PHP Notice:  Undefined index: keword in D:\Server\www\asper.xml\system\library\suppliers\SupplierParser.php on line 165
2019-07-16 18:09:54 - PHP Notice:  Undefined index: keword in D:\Server\www\asper.xml\system\library\suppliers\SupplierParser.php on line 165
2019-07-16 18:09:54 - PHP Notice:  Undefined index: keword in D:\Server\www\asper.xml\system\library\suppliers\SupplierParser.php on line 165
2019-07-16 18:09:54 - PHP Notice:  Undefined index: keword in D:\Server\www\asper.xml\system\library\suppliers\SupplierParser.php on line 165
2019-07-16 18:09:54 - PHP Notice:  Undefined index: keword in D:\Server\www\asper.xml\system\library\suppliers\SupplierParser.php on line 165
2019-07-16 18:09:54 - PHP Notice:  Undefined index: keword in D:\Server\www\asper.xml\system\library\suppliers\SupplierParser.php on line 165
2019-07-16 18:09:54 - PHP Notice:  Undefined index: keword in D:\Server\www\asper.xml\system\library\suppliers\SupplierParser.php on line 165
2019-07-16 18:09:54 - PHP Notice:  Undefined index: keword in D:\Server\www\asper.xml\system\library\suppliers\SupplierParser.php on line 165
2019-07-16 18:09:54 - PHP Notice:  Undefined index: keword in D:\Server\www\asper.xml\system\library\suppliers\SupplierParser.php on line 165
2019-07-16 18:09:54 - PHP Notice:  Undefined index: keword in D:\Server\www\asper.xml\system\library\suppliers\SupplierParser.php on line 165
2019-07-16 18:09:54 - PHP Notice:  Undefined index: keword in D:\Server\www\asper.xml\system\library\suppliers\SupplierParser.php on line 165
2019-07-16 18:09:54 - PHP Notice:  Undefined index: keword in D:\Server\www\asper.xml\system\library\suppliers\SupplierParser.php on line 165
2019-07-16 18:09:54 - PHP Notice:  Undefined index: keword in D:\Server\www\asper.xml\system\library\suppliers\SupplierParser.php on line 165
2019-07-16 18:09:54 - PHP Notice:  Undefined index: keword in D:\Server\www\asper.xml\system\library\suppliers\SupplierParser.php on line 165
2019-07-16 18:09:54 - PHP Notice:  Undefined index: keword in D:\Server\www\asper.xml\system\library\suppliers\SupplierParser.php on line 165
2019-07-16 18:09:54 - PHP Notice:  Undefined index: keword in D:\Server\www\asper.xml\system\library\suppliers\SupplierParser.php on line 165
2019-07-16 18:09:54 - PHP Notice:  Undefined index: keword in D:\Server\www\asper.xml\system\library\suppliers\SupplierParser.php on line 165
2019-07-16 18:09:54 - PHP Notice:  Undefined index: keword in D:\Server\www\asper.xml\system\library\suppliers\SupplierParser.php on line 165
2019-07-16 18:09:54 - PHP Notice:  Undefined index: keword in D:\Server\www\asper.xml\system\library\suppliers\SupplierParser.php on line 165
2019-07-16 18:09:54 - PHP Notice:  Undefined index: keword in D:\Server\www\asper.xml\system\library\suppliers\SupplierParser.php on line 165
2019-07-16 18:09:54 - PHP Notice:  Undefined index: keword in D:\Server\www\asper.xml\system\library\suppliers\SupplierParser.php on line 165
2019-07-16 18:09:54 - PHP Notice:  Undefined index: keword in D:\Server\www\asper.xml\system\library\suppliers\SupplierParser.php on line 165
2019-07-16 18:09:54 - PHP Notice:  Undefined index: keword in D:\Server\www\asper.xml\system\library\suppliers\SupplierParser.php on line 165
2019-07-16 18:09:54 - PHP Notice:  Undefined index: keword in D:\Server\www\asper.xml\system\library\suppliers\SupplierParser.php on line 165
2019-07-16 18:09:54 - PHP Notice:  Undefined index: keword in D:\Server\www\asper.xml\system\library\suppliers\SupplierParser.php on line 165
2019-07-16 18:09:54 - PHP Notice:  Undefined index: keword in D:\Server\www\asper.xml\system\library\suppliers\SupplierParser.php on line 165
2019-07-16 18:09:54 - PHP Notice:  Undefined index: keword in D:\Server\www\asper.xml\system\library\suppliers\SupplierParser.php on line 165
2019-07-16 18:09:54 - PHP Notice:  Undefined index: keword in D:\Server\www\asper.xml\system\library\suppliers\SupplierParser.php on line 165
2019-07-16 18:09:54 - PHP Notice:  Undefined index: keword in D:\Server\www\asper.xml\system\library\suppliers\SupplierParser.php on line 165
2019-07-16 18:09:54 - PHP Notice:  Undefined index: keword in D:\Server\www\asper.xml\system\library\suppliers\SupplierParser.php on line 165
2019-07-16 18:09:54 - PHP Notice:  Undefined index: keword in D:\Server\www\asper.xml\system\library\suppliers\SupplierParser.php on line 165
2019-07-16 18:09:54 - PHP Notice:  Undefined index: keword in D:\Server\www\asper.xml\system\library\suppliers\SupplierParser.php on line 165
2019-07-16 18:09:54 - PHP Notice:  Undefined index: keword in D:\Server\www\asper.xml\system\library\suppliers\SupplierParser.php on line 165
2019-07-16 18:09:54 - PHP Notice:  Undefined index: keword in D:\Server\www\asper.xml\system\library\suppliers\SupplierParser.php on line 165
2019-07-16 18:09:54 - PHP Notice:  Undefined index: keword in D:\Server\www\asper.xml\system\library\suppliers\SupplierParser.php on line 165
2019-07-16 18:09:54 - PHP Notice:  Undefined index: keword in D:\Server\www\asper.xml\system\library\suppliers\SupplierParser.php on line 165
2019-07-16 18:09:54 - PHP Notice:  Undefined index: keword in D:\Server\www\asper.xml\system\library\suppliers\SupplierParser.php on line 165
2019-07-16 18:09:54 - PHP Notice:  Undefined index: keword in D:\Server\www\asper.xml\system\library\suppliers\SupplierParser.php on line 165
2019-07-16 18:09:54 - PHP Notice:  Undefined index: keword in D:\Server\www\asper.xml\system\library\suppliers\SupplierParser.php on line 165
2019-07-16 18:09:54 - PHP Notice:  Undefined index: keword in D:\Server\www\asper.xml\system\library\suppliers\SupplierParser.php on line 165
2019-07-16 18:09:54 - PHP Notice:  Undefined index: keword in D:\Server\www\asper.xml\system\library\suppliers\SupplierParser.php on line 165
2019-07-16 18:09:54 - PHP Notice:  Undefined index: keword in D:\Server\www\asper.xml\system\library\suppliers\SupplierParser.php on line 165
2019-07-16 18:09:54 - PHP Notice:  Undefined index: keword in D:\Server\www\asper.xml\system\library\suppliers\SupplierParser.php on line 165
2019-07-16 18:09:54 - PHP Notice:  Undefined index: keword in D:\Server\www\asper.xml\system\library\suppliers\SupplierParser.php on line 165
2019-07-16 18:09:54 - PHP Notice:  Undefined index: keword in D:\Server\www\asper.xml\system\library\suppliers\SupplierParser.php on line 165
2019-07-16 18:09:54 - PHP Notice:  Undefined index: keword in D:\Server\www\asper.xml\system\library\suppliers\SupplierParser.php on line 165
2019-07-16 18:09:54 - PHP Notice:  Undefined index: keword in D:\Server\www\asper.xml\system\library\suppliers\SupplierParser.php on line 165
2019-07-16 18:09:54 - PHP Notice:  Undefined index: keword in D:\Server\www\asper.xml\system\library\suppliers\SupplierParser.php on line 165
2019-07-16 18:09:54 - PHP Notice:  Undefined index: keword in D:\Server\www\asper.xml\system\library\suppliers\SupplierParser.php on line 165
2019-07-16 18:09:54 - PHP Notice:  Undefined index: keword in D:\Server\www\asper.xml\system\library\suppliers\SupplierParser.php on line 165
2019-07-16 18:09:54 - PHP Notice:  Undefined index: keword in D:\Server\www\asper.xml\system\library\suppliers\SupplierParser.php on line 165
2019-07-16 18:09:54 - PHP Notice:  Undefined index: keword in D:\Server\www\asper.xml\system\library\suppliers\SupplierParser.php on line 165
2019-07-16 18:09:54 - PHP Notice:  Undefined index: keword in D:\Server\www\asper.xml\system\library\suppliers\SupplierParser.php on line 165
2019-07-16 18:09:54 - PHP Notice:  Undefined index: keword in D:\Server\www\asper.xml\system\library\suppliers\SupplierParser.php on line 165
2019-07-16 18:09:54 - PHP Notice:  Undefined index: keword in D:\Server\www\asper.xml\system\library\suppliers\SupplierParser.php on line 165
2019-07-16 18:09:54 - PHP Notice:  Undefined index: keword in D:\Server\www\asper.xml\system\library\suppliers\SupplierParser.php on line 165
2019-07-16 18:09:54 - PHP Notice:  Undefined index: keword in D:\Server\www\asper.xml\system\library\suppliers\SupplierParser.php on line 165
2019-07-16 18:09:54 - PHP Notice:  Undefined index: keword in D:\Server\www\asper.xml\system\library\suppliers\SupplierParser.php on line 165
2019-07-16 18:09:54 - PHP Notice:  Undefined index: keword in D:\Server\www\asper.xml\system\library\suppliers\SupplierParser.php on line 165
2019-07-16 18:09:54 - PHP Notice:  Undefined index: keword in D:\Server\www\asper.xml\system\library\suppliers\SupplierParser.php on line 165
2019-07-16 18:09:54 - PHP Notice:  Undefined index: keword in D:\Server\www\asper.xml\system\library\suppliers\SupplierParser.php on line 165
2019-07-16 18:09:54 - PHP Notice:  Undefined index: keword in D:\Server\www\asper.xml\system\library\suppliers\SupplierParser.php on line 165
2019-07-16 18:09:54 - PHP Notice:  Undefined index: keword in D:\Server\www\asper.xml\system\library\suppliers\SupplierParser.php on line 165
2019-07-16 18:09:54 - PHP Notice:  Undefined index: keword in D:\Server\www\asper.xml\system\library\suppliers\SupplierParser.php on line 165
2019-07-16 18:09:54 - PHP Notice:  Undefined index: keword in D:\Server\www\asper.xml\system\library\suppliers\SupplierParser.php on line 165
2019-07-16 18:09:54 - PHP Notice:  Undefined index: keword in D:\Server\www\asper.xml\system\library\suppliers\SupplierParser.php on line 165
2019-07-16 18:09:54 - PHP Notice:  Undefined index: keword in D:\Server\www\asper.xml\system\library\suppliers\SupplierParser.php on line 165
2019-07-16 18:09:54 - PHP Notice:  Undefined index: keword in D:\Server\www\asper.xml\system\library\suppliers\SupplierParser.php on line 165
2019-07-16 18:09:54 - PHP Notice:  Undefined index: keword in D:\Server\www\asper.xml\system\library\suppliers\SupplierParser.php on line 165
2019-07-16 18:09:54 - PHP Notice:  Undefined index: keword in D:\Server\www\asper.xml\system\library\suppliers\SupplierParser.php on line 165
2019-07-16 18:09:54 - PHP Notice:  Undefined index: keword in D:\Server\www\asper.xml\system\library\suppliers\SupplierParser.php on line 165
2019-07-16 18:09:54 - PHP Notice:  Undefined index: keword in D:\Server\www\asper.xml\system\library\suppliers\SupplierParser.php on line 165
2019-07-16 18:09:54 - PHP Notice:  Undefined index: keword in D:\Server\www\asper.xml\system\library\suppliers\SupplierParser.php on line 165
2019-07-16 18:09:54 - PHP Notice:  Undefined index: keword in D:\Server\www\asper.xml\system\library\suppliers\SupplierParser.php on line 165
2019-07-16 18:09:54 - PHP Notice:  Undefined index: keword in D:\Server\www\asper.xml\system\library\suppliers\SupplierParser.php on line 165
2019-07-16 18:09:54 - PHP Notice:  Undefined index: keword in D:\Server\www\asper.xml\system\library\suppliers\SupplierParser.php on line 165
2019-07-16 18:09:54 - PHP Notice:  Undefined index: keword in D:\Server\www\asper.xml\system\library\suppliers\SupplierParser.php on line 165
2019-07-16 18:09:54 - PHP Notice:  Undefined index: keword in D:\Server\www\asper.xml\system\library\suppliers\SupplierParser.php on line 165
2019-07-16 18:09:54 - PHP Notice:  Undefined index: keword in D:\Server\www\asper.xml\system\library\suppliers\SupplierParser.php on line 165
2019-07-16 18:09:54 - PHP Notice:  Undefined index: keword in D:\Server\www\asper.xml\system\library\suppliers\SupplierParser.php on line 165
2019-07-16 18:09:54 - PHP Notice:  Undefined index: keword in D:\Server\www\asper.xml\system\library\suppliers\SupplierParser.php on line 165
2019-07-16 18:09:54 - PHP Notice:  Undefined index: keword in D:\Server\www\asper.xml\system\library\suppliers\SupplierParser.php on line 165
2019-07-16 18:09:54 - PHP Notice:  Undefined index: keword in D:\Server\www\asper.xml\system\library\suppliers\SupplierParser.php on line 165
2019-07-16 18:09:54 - PHP Notice:  Undefined index: keword in D:\Server\www\asper.xml\system\library\suppliers\SupplierParser.php on line 165
2019-07-16 18:09:54 - PHP Notice:  Undefined index: keword in D:\Server\www\asper.xml\system\library\suppliers\SupplierParser.php on line 165
2019-07-16 18:09:54 - PHP Notice:  Undefined index: keword in D:\Server\www\asper.xml\system\library\suppliers\SupplierParser.php on line 165
2019-07-16 18:09:54 - PHP Notice:  Undefined index: keword in D:\Server\www\asper.xml\system\library\suppliers\SupplierParser.php on line 165
2019-07-16 18:09:54 - PHP Notice:  Undefined index: keword in D:\Server\www\asper.xml\system\library\suppliers\SupplierParser.php on line 165
2019-07-16 18:09:54 - PHP Notice:  Undefined index: keword in D:\Server\www\asper.xml\system\library\suppliers\SupplierParser.php on line 165
2019-07-16 18:09:54 - PHP Notice:  Undefined index: keword in D:\Server\www\asper.xml\system\library\suppliers\SupplierParser.php on line 165
2019-07-16 18:09:54 - PHP Notice:  Undefined index: keword in D:\Server\www\asper.xml\system\library\suppliers\SupplierParser.php on line 165
2019-07-16 18:09:54 - PHP Notice:  Undefined index: keword in D:\Server\www\asper.xml\system\library\suppliers\SupplierParser.php on line 165
2019-07-16 18:09:54 - PHP Notice:  Undefined index: keword in D:\Server\www\asper.xml\system\library\suppliers\SupplierParser.php on line 165
2019-07-16 18:09:54 - PHP Notice:  Undefined index: keword in D:\Server\www\asper.xml\system\library\suppliers\SupplierParser.php on line 165
2019-07-16 18:09:54 - PHP Notice:  Undefined index: keword in D:\Server\www\asper.xml\system\library\suppliers\SupplierParser.php on line 165
2019-07-16 18:09:54 - PHP Notice:  Undefined index: keword in D:\Server\www\asper.xml\system\library\suppliers\SupplierParser.php on line 165
2019-07-16 18:09:54 - PHP Notice:  Undefined index: keword in D:\Server\www\asper.xml\system\library\suppliers\SupplierParser.php on line 165
2019-07-16 18:10:33 - PHP Notice:  Undefined index: keword in D:\Server\www\asper.xml\system\library\suppliers\SupplierParser.php on line 165
2019-07-16 18:10:33 - PHP Notice:  Undefined index: keword in D:\Server\www\asper.xml\system\library\suppliers\SupplierParser.php on line 165
2019-07-16 18:10:33 - PHP Notice:  Undefined index: keword in D:\Server\www\asper.xml\system\library\suppliers\SupplierParser.php on line 165
2019-07-16 18:10:33 - PHP Notice:  Undefined index: keword in D:\Server\www\asper.xml\system\library\suppliers\SupplierParser.php on line 165
2019-07-16 18:10:33 - PHP Notice:  Undefined index: keword in D:\Server\www\asper.xml\system\library\suppliers\SupplierParser.php on line 165
2019-07-16 18:10:33 - PHP Notice:  Undefined index: keword in D:\Server\www\asper.xml\system\library\suppliers\SupplierParser.php on line 165
2019-07-16 18:10:33 - PHP Notice:  Undefined index: keword in D:\Server\www\asper.xml\system\library\suppliers\SupplierParser.php on line 165
2019-07-16 18:10:33 - PHP Notice:  Undefined index: keword in D:\Server\www\asper.xml\system\library\suppliers\SupplierParser.php on line 165
2019-07-16 18:10:33 - PHP Notice:  Undefined index: keword in D:\Server\www\asper.xml\system\library\suppliers\SupplierParser.php on line 165
2019-07-16 18:10:33 - PHP Notice:  Undefined index: keword in D:\Server\www\asper.xml\system\library\suppliers\SupplierParser.php on line 165
2019-07-16 18:10:33 - PHP Notice:  Undefined index: keword in D:\Server\www\asper.xml\system\library\suppliers\SupplierParser.php on line 165
2019-07-16 18:10:33 - PHP Notice:  Undefined index: keword in D:\Server\www\asper.xml\system\library\suppliers\SupplierParser.php on line 165
2019-07-16 18:10:33 - PHP Notice:  Undefined index: keword in D:\Server\www\asper.xml\system\library\suppliers\SupplierParser.php on line 165
2019-07-16 18:10:33 - PHP Notice:  Undefined index: keword in D:\Server\www\asper.xml\system\library\suppliers\SupplierParser.php on line 165
2019-07-16 18:10:33 - PHP Notice:  Undefined index: keword in D:\Server\www\asper.xml\system\library\suppliers\SupplierParser.php on line 165
2019-07-16 18:10:33 - PHP Notice:  Undefined index: keword in D:\Server\www\asper.xml\system\library\suppliers\SupplierParser.php on line 165
2019-07-16 18:10:33 - PHP Notice:  Undefined index: keword in D:\Server\www\asper.xml\system\library\suppliers\SupplierParser.php on line 165
2019-07-16 18:10:33 - PHP Notice:  Undefined index: keword in D:\Server\www\asper.xml\system\library\suppliers\SupplierParser.php on line 165
2019-07-16 18:10:33 - PHP Notice:  Undefined index: keword in D:\Server\www\asper.xml\system\library\suppliers\SupplierParser.php on line 165
2019-07-16 18:10:33 - PHP Notice:  Undefined index: keword in D:\Server\www\asper.xml\system\library\suppliers\SupplierParser.php on line 165
2019-07-16 18:10:33 - PHP Notice:  Undefined index: keword in D:\Server\www\asper.xml\system\library\suppliers\SupplierParser.php on line 165
2019-07-16 18:10:33 - PHP Notice:  Undefined index: keword in D:\Server\www\asper.xml\system\library\suppliers\SupplierParser.php on line 165
2019-07-16 18:10:33 - PHP Notice:  Undefined index: keword in D:\Server\www\asper.xml\system\library\suppliers\SupplierParser.php on line 165
2019-07-16 18:10:33 - PHP Notice:  Undefined index: keword in D:\Server\www\asper.xml\system\library\suppliers\SupplierParser.php on line 165
2019-07-16 18:10:33 - PHP Notice:  Undefined index: keword in D:\Server\www\asper.xml\system\library\suppliers\SupplierParser.php on line 165
2019-07-16 18:10:33 - PHP Notice:  Undefined index: keword in D:\Server\www\asper.xml\system\library\suppliers\SupplierParser.php on line 165
2019-07-16 18:10:33 - PHP Notice:  Undefined index: keword in D:\Server\www\asper.xml\system\library\suppliers\SupplierParser.php on line 165
2019-07-16 18:10:33 - PHP Notice:  Undefined index: keword in D:\Server\www\asper.xml\system\library\suppliers\SupplierParser.php on line 165
2019-07-16 18:10:33 - PHP Notice:  Undefined index: keword in D:\Server\www\asper.xml\system\library\suppliers\SupplierParser.php on line 165
2019-07-16 18:10:33 - PHP Notice:  Undefined index: keword in D:\Server\www\asper.xml\system\library\suppliers\SupplierParser.php on line 165
2019-07-16 18:10:33 - PHP Notice:  Undefined index: keword in D:\Server\www\asper.xml\system\library\suppliers\SupplierParser.php on line 165
2019-07-16 18:10:33 - PHP Notice:  Undefined index: keword in D:\Server\www\asper.xml\system\library\suppliers\SupplierParser.php on line 165
2019-07-16 18:10:33 - PHP Notice:  Undefined index: keword in D:\Server\www\asper.xml\system\library\suppliers\SupplierParser.php on line 165
2019-07-16 18:10:33 - PHP Notice:  Undefined index: keword in D:\Server\www\asper.xml\system\library\suppliers\SupplierParser.php on line 165
2019-07-16 18:10:33 - PHP Notice:  Undefined index: keword in D:\Server\www\asper.xml\system\library\suppliers\SupplierParser.php on line 165
2019-07-16 18:10:33 - PHP Notice:  Undefined index: keword in D:\Server\www\asper.xml\system\library\suppliers\SupplierParser.php on line 165
2019-07-16 18:10:33 - PHP Notice:  Undefined index: keword in D:\Server\www\asper.xml\system\library\suppliers\SupplierParser.php on line 165
2019-07-16 18:10:33 - PHP Notice:  Undefined index: keword in D:\Server\www\asper.xml\system\library\suppliers\SupplierParser.php on line 165
2019-07-16 18:10:33 - PHP Notice:  Undefined index: keword in D:\Server\www\asper.xml\system\library\suppliers\SupplierParser.php on line 165
2019-07-16 18:10:33 - PHP Notice:  Undefined index: keword in D:\Server\www\asper.xml\system\library\suppliers\SupplierParser.php on line 165
2019-07-16 18:10:33 - PHP Notice:  Undefined index: keword in D:\Server\www\asper.xml\system\library\suppliers\SupplierParser.php on line 165
2019-07-16 18:10:33 - PHP Notice:  Undefined index: keword in D:\Server\www\asper.xml\system\library\suppliers\SupplierParser.php on line 165
2019-07-16 18:10:33 - PHP Notice:  Undefined index: keword in D:\Server\www\asper.xml\system\library\suppliers\SupplierParser.php on line 165
2019-07-16 18:10:33 - PHP Notice:  Undefined index: keword in D:\Server\www\asper.xml\system\library\suppliers\SupplierParser.php on line 165
2019-07-16 18:10:33 - PHP Notice:  Undefined index: keword in D:\Server\www\asper.xml\system\library\suppliers\SupplierParser.php on line 165
2019-07-16 18:10:33 - PHP Notice:  Undefined index: keword in D:\Server\www\asper.xml\system\library\suppliers\SupplierParser.php on line 165
2019-07-16 18:10:33 - PHP Notice:  Undefined index: keword in D:\Server\www\asper.xml\system\library\suppliers\SupplierParser.php on line 165
2019-07-16 18:10:33 - PHP Notice:  Undefined index: keword in D:\Server\www\asper.xml\system\library\suppliers\SupplierParser.php on line 165
2019-07-16 18:10:33 - PHP Notice:  Undefined index: keword in D:\Server\www\asper.xml\system\library\suppliers\SupplierParser.php on line 165
2019-07-16 18:10:33 - PHP Notice:  Undefined index: keword in D:\Server\www\asper.xml\system\library\suppliers\SupplierParser.php on line 165
2019-07-16 18:10:33 - PHP Notice:  Undefined index: keword in D:\Server\www\asper.xml\system\library\suppliers\SupplierParser.php on line 165
2019-07-16 18:10:33 - PHP Notice:  Undefined index: keword in D:\Server\www\asper.xml\system\library\suppliers\SupplierParser.php on line 165
2019-07-16 18:10:33 - PHP Notice:  Undefined index: keword in D:\Server\www\asper.xml\system\library\suppliers\SupplierParser.php on line 165
2019-07-16 18:10:33 - PHP Notice:  Undefined index: keword in D:\Server\www\asper.xml\system\library\suppliers\SupplierParser.php on line 165
2019-07-16 18:10:33 - PHP Notice:  Undefined index: keword in D:\Server\www\asper.xml\system\library\suppliers\SupplierParser.php on line 165
2019-07-16 18:10:33 - PHP Notice:  Undefined index: keword in D:\Server\www\asper.xml\system\library\suppliers\SupplierParser.php on line 165
2019-07-16 18:10:33 - PHP Notice:  Undefined index: keword in D:\Server\www\asper.xml\system\library\suppliers\SupplierParser.php on line 165
2019-07-16 18:10:33 - PHP Notice:  Undefined index: keword in D:\Server\www\asper.xml\system\library\suppliers\SupplierParser.php on line 165
2019-07-16 18:10:33 - PHP Notice:  Undefined index: keword in D:\Server\www\asper.xml\system\library\suppliers\SupplierParser.php on line 165
2019-07-16 18:10:33 - PHP Notice:  Undefined index: keword in D:\Server\www\asper.xml\system\library\suppliers\SupplierParser.php on line 165
2019-07-16 18:10:33 - PHP Notice:  Undefined index: keword in D:\Server\www\asper.xml\system\library\suppliers\SupplierParser.php on line 165
2019-07-16 18:10:33 - PHP Notice:  Undefined index: keword in D:\Server\www\asper.xml\system\library\suppliers\SupplierParser.php on line 165
2019-07-16 18:10:33 - PHP Notice:  Undefined index: keword in D:\Server\www\asper.xml\system\library\suppliers\SupplierParser.php on line 165
2019-07-16 18:10:33 - PHP Notice:  Undefined index: keword in D:\Server\www\asper.xml\system\library\suppliers\SupplierParser.php on line 165
2019-07-16 18:10:33 - PHP Notice:  Undefined index: keword in D:\Server\www\asper.xml\system\library\suppliers\SupplierParser.php on line 165
2019-07-16 18:10:33 - PHP Notice:  Undefined index: keword in D:\Server\www\asper.xml\system\library\suppliers\SupplierParser.php on line 165
2019-07-16 18:10:33 - PHP Notice:  Undefined index: keword in D:\Server\www\asper.xml\system\library\suppliers\SupplierParser.php on line 165
2019-07-16 18:13:58 - PHP Notice:  Undefined index: type in D:\Server\www\asper.xml\system\library\suppliers\ParserFactory.php on line 24
2019-07-16 18:14:00 - PHP Warning:  file_get_contents() expects parameter 1 to be a valid path, array given in D:\Server\www\asper.xml\system\library\suppliers\ParserFactory.php on line 43
2019-07-16 18:14:00 - PHP Notice:  Undefined index: type in D:\Server\www\asper.xml\system\library\suppliers\ParserFactory.php on line 30
2019-07-16 18:14:56 - PHP Warning:  file_get_contents() expects parameter 1 to be a valid path, array given in D:\Server\www\asper.xml\system\library\suppliers\ParserFactory.php on line 43
2019-07-17 11:06:05 - PHP Notice:  Undefined index: options in D:\Server\www\asper.xml\system\library\suppliers\AbstractParser.php on line 20
2019-07-17 11:48:54 - PHP Warning:  Invalid argument supplied for foreach() in D:\Server\www\asper.xml\system\library\suppliers\SupplierParser.php on line 35
2019-07-17 11:48:54 - PHP Notice:  Undefined offset: 1 in D:\Server\www\asper.xml\system\library\suppliers\YandexYmlParser.php on line 36
2019-07-17 11:48:54 - PHP Notice:  Undefined offset: 0 in D:\Server\www\asper.xml\system\library\suppliers\YandexYmlParser.php on line 37
2019-07-17 11:48:54 - PHP Notice:  Undefined offset: 1 in D:\Server\www\asper.xml\system\library\suppliers\YandexYmlParser.php on line 84
2019-07-17 11:48:54 - PHP Notice:  Undefined offset: 0 in D:\Server\www\asper.xml\system\library\suppliers\YandexYmlParser.php on line 38
2019-07-17 11:48:54 - PHP Notice:  Undefined offset: 1 in D:\Server\www\asper.xml\system\library\suppliers\YandexYmlParser.php on line 77
2019-07-17 11:48:54 - PHP Notice:  Undefined offset: 0 in D:\Server\www\asper.xml\system\library\suppliers\YandexYmlParser.php on line 39
2019-07-17 11:48:54 - PHP Notice:  Undefined offset: 1 in D:\Server\www\asper.xml\system\library\suppliers\YandexYmlParser.php on line 96
2019-07-17 11:48:54 - PHP Notice:  Undefined offset: 0 in D:\Server\www\asper.xml\system\library\suppliers\YandexYmlParser.php on line 40
2019-07-17 11:48:54 - PHP Notice:  Undefined offset: 1 in D:\Server\www\asper.xml\system\library\suppliers\YandexYmlParser.php on line 90
2019-07-17 11:48:54 - PHP Notice:  Undefined offset: 0 in D:\Server\www\asper.xml\system\library\suppliers\YandexYmlParser.php on line 41
2019-07-17 11:48:54 - PHP Notice:  Uninitialized string offset: 0 in D:\Server\www\asper.xml\system\library\suppliers\YandexYmlParser.php on line 58
2019-07-17 11:48:54 - PHP Notice:  Uninitialized string offset: 1 in D:\Server\www\asper.xml\system\library\suppliers\YandexYmlParser.php on line 58
2019-07-17 11:48:54 - PHP Notice:  Undefined offset: 1 in D:\Server\www\asper.xml\system\library\suppliers\YandexYmlParser.php on line 36
2019-07-17 11:48:54 - PHP Notice:  Undefined offset: 0 in D:\Server\www\asper.xml\system\library\suppliers\YandexYmlParser.php on line 37
2019-07-17 11:48:54 - PHP Notice:  Undefined offset: 1 in D:\Server\www\asper.xml\system\library\suppliers\YandexYmlParser.php on line 84
2019-07-17 11:48:54 - PHP Notice:  Undefined offset: 0 in D:\Server\www\asper.xml\system\library\suppliers\YandexYmlParser.php on line 38
2019-07-17 11:48:54 - PHP Notice:  Undefined offset: 1 in D:\Server\www\asper.xml\system\library\suppliers\YandexYmlParser.php on line 77
2019-07-17 11:48:54 - PHP Notice:  Undefined offset: 0 in D:\Server\www\asper.xml\system\library\suppliers\YandexYmlParser.php on line 39
2019-07-17 11:48:54 - PHP Notice:  Undefined offset: 1 in D:\Server\www\asper.xml\system\library\suppliers\YandexYmlParser.php on line 96
2019-07-17 11:48:54 - PHP Notice:  Undefined offset: 0 in D:\Server\www\asper.xml\system\library\suppliers\YandexYmlParser.php on line 40
2019-07-17 11:48:54 - PHP Notice:  Undefined offset: 1 in D:\Server\www\asper.xml\system\library\suppliers\YandexYmlParser.php on line 90
2019-07-17 11:48:54 - PHP Notice:  Undefined offset: 0 in D:\Server\www\asper.xml\system\library\suppliers\YandexYmlParser.php on line 41
2019-07-17 11:48:54 - PHP Notice:  Uninitialized string offset: 0 in D:\Server\www\asper.xml\system\library\suppliers\YandexYmlParser.php on line 58
2019-07-17 11:48:54 - PHP Notice:  Uninitialized string offset: 1 in D:\Server\www\asper.xml\system\library\suppliers\YandexYmlParser.php on line 58
2019-07-17 12:30:24 - PHP Warning:  Invalid argument supplied for foreach() in D:\Server\www\asper.xml\system\library\suppliers\SupplierParser.php on line 35
2019-07-17 12:30:24 - PHP Notice:  Undefined offset: 1 in D:\Server\www\asper.xml\system\library\suppliers\YandexYmlParser.php on line 39
2019-07-17 12:30:24 - PHP Notice:  Undefined offset: 0 in D:\Server\www\asper.xml\system\library\suppliers\YandexYmlParser.php on line 40
2019-07-17 12:30:24 - PHP Notice:  Undefined offset: 1 in D:\Server\www\asper.xml\system\library\suppliers\YandexYmlParser.php on line 87
2019-07-17 12:30:24 - PHP Notice:  Undefined offset: 0 in D:\Server\www\asper.xml\system\library\suppliers\YandexYmlParser.php on line 41
2019-07-17 12:30:24 - PHP Notice:  Undefined offset: 1 in D:\Server\www\asper.xml\system\library\suppliers\YandexYmlParser.php on line 80
2019-07-17 12:30:24 - PHP Notice:  Undefined offset: 0 in D:\Server\www\asper.xml\system\library\suppliers\YandexYmlParser.php on line 42
2019-07-17 12:30:24 - PHP Notice:  Undefined offset: 1 in D:\Server\www\asper.xml\system\library\suppliers\YandexYmlParser.php on line 99
2019-07-17 12:30:24 - PHP Notice:  Undefined offset: 0 in D:\Server\www\asper.xml\system\library\suppliers\YandexYmlParser.php on line 43
2019-07-17 12:30:24 - PHP Notice:  Undefined offset: 1 in D:\Server\www\asper.xml\system\library\suppliers\YandexYmlParser.php on line 93
2019-07-17 12:30:24 - PHP Notice:  Undefined offset: 0 in D:\Server\www\asper.xml\system\library\suppliers\YandexYmlParser.php on line 44
2019-07-17 12:30:24 - PHP Notice:  Uninitialized string offset: 0 in D:\Server\www\asper.xml\system\library\suppliers\YandexYmlParser.php on line 61
2019-07-17 12:30:24 - PHP Notice:  Uninitialized string offset: 1 in D:\Server\www\asper.xml\system\library\suppliers\YandexYmlParser.php on line 61
2019-07-17 12:30:24 - PHP Notice:  Undefined offset: 1 in D:\Server\www\asper.xml\system\library\suppliers\YandexYmlParser.php on line 39
2019-07-17 12:30:24 - PHP Notice:  Undefined offset: 0 in D:\Server\www\asper.xml\system\library\suppliers\YandexYmlParser.php on line 40
2019-07-17 12:30:24 - PHP Notice:  Undefined offset: 1 in D:\Server\www\asper.xml\system\library\suppliers\YandexYmlParser.php on line 87
2019-07-17 12:30:24 - PHP Notice:  Undefined offset: 0 in D:\Server\www\asper.xml\system\library\suppliers\YandexYmlParser.php on line 41
2019-07-17 12:30:24 - PHP Notice:  Undefined offset: 1 in D:\Server\www\asper.xml\system\library\suppliers\YandexYmlParser.php on line 80
2019-07-17 12:30:24 - PHP Notice:  Undefined offset: 0 in D:\Server\www\asper.xml\system\library\suppliers\YandexYmlParser.php on line 42
2019-07-17 12:30:24 - PHP Notice:  Undefined offset: 1 in D:\Server\www\asper.xml\system\library\suppliers\YandexYmlParser.php on line 99
2019-07-17 12:30:24 - PHP Notice:  Undefined offset: 0 in D:\Server\www\asper.xml\system\library\suppliers\YandexYmlParser.php on line 43
2019-07-17 12:30:24 - PHP Notice:  Undefined offset: 1 in D:\Server\www\asper.xml\system\library\suppliers\YandexYmlParser.php on line 93
2019-07-17 12:30:24 - PHP Notice:  Undefined offset: 0 in D:\Server\www\asper.xml\system\library\suppliers\YandexYmlParser.php on line 44
2019-07-17 12:30:24 - PHP Notice:  Uninitialized string offset: 0 in D:\Server\www\asper.xml\system\library\suppliers\YandexYmlParser.php on line 61
2019-07-17 12:30:24 - PHP Notice:  Uninitialized string offset: 1 in D:\Server\www\asper.xml\system\library\suppliers\YandexYmlParser.php on line 61
2019-07-17 12:30:56 - PHP Warning:  Invalid argument supplied for foreach() in D:\Server\www\asper.xml\system\library\suppliers\SupplierParser.php on line 35
2019-07-17 12:30:56 - PHP Notice:  Undefined offset: 1 in D:\Server\www\asper.xml\system\library\suppliers\YandexYmlParser.php on line 39
2019-07-17 12:30:56 - PHP Notice:  Undefined offset: 0 in D:\Server\www\asper.xml\system\library\suppliers\YandexYmlParser.php on line 40
2019-07-17 12:30:56 - PHP Notice:  Undefined offset: 1 in D:\Server\www\asper.xml\system\library\suppliers\YandexYmlParser.php on line 87
2019-07-17 12:30:56 - PHP Notice:  Undefined offset: 0 in D:\Server\www\asper.xml\system\library\suppliers\YandexYmlParser.php on line 41
2019-07-17 12:30:56 - PHP Notice:  Undefined offset: 1 in D:\Server\www\asper.xml\system\library\suppliers\YandexYmlParser.php on line 80
2019-07-17 12:30:56 - PHP Notice:  Undefined offset: 0 in D:\Server\www\asper.xml\system\library\suppliers\YandexYmlParser.php on line 42
2019-07-17 12:30:56 - PHP Notice:  Undefined offset: 1 in D:\Server\www\asper.xml\system\library\suppliers\YandexYmlParser.php on line 99
2019-07-17 12:30:56 - PHP Notice:  Undefined offset: 0 in D:\Server\www\asper.xml\system\library\suppliers\YandexYmlParser.php on line 43
2019-07-17 12:30:56 - PHP Notice:  Undefined offset: 1 in D:\Server\www\asper.xml\system\library\suppliers\YandexYmlParser.php on line 93
2019-07-17 12:30:56 - PHP Notice:  Undefined offset: 0 in D:\Server\www\asper.xml\system\library\suppliers\YandexYmlParser.php on line 44
2019-07-17 12:30:56 - PHP Notice:  Uninitialized string offset: 0 in D:\Server\www\asper.xml\system\library\suppliers\YandexYmlParser.php on line 61
2019-07-17 12:30:56 - PHP Notice:  Uninitialized string offset: 1 in D:\Server\www\asper.xml\system\library\suppliers\YandexYmlParser.php on line 61
2019-07-17 12:30:56 - PHP Notice:  Undefined offset: 1 in D:\Server\www\asper.xml\system\library\suppliers\YandexYmlParser.php on line 39
2019-07-17 12:30:56 - PHP Notice:  Undefined offset: 0 in D:\Server\www\asper.xml\system\library\suppliers\YandexYmlParser.php on line 40
2019-07-17 12:30:56 - PHP Notice:  Undefined offset: 1 in D:\Server\www\asper.xml\system\library\suppliers\YandexYmlParser.php on line 87
2019-07-17 12:30:56 - PHP Notice:  Undefined offset: 0 in D:\Server\www\asper.xml\system\library\suppliers\YandexYmlParser.php on line 41
2019-07-17 12:30:56 - PHP Notice:  Undefined offset: 1 in D:\Server\www\asper.xml\system\library\suppliers\YandexYmlParser.php on line 80
2019-07-17 12:30:56 - PHP Notice:  Undefined offset: 0 in D:\Server\www\asper.xml\system\library\suppliers\YandexYmlParser.php on line 42
2019-07-17 12:30:56 - PHP Notice:  Undefined offset: 1 in D:\Server\www\asper.xml\system\library\suppliers\YandexYmlParser.php on line 99
2019-07-17 12:30:56 - PHP Notice:  Undefined offset: 0 in D:\Server\www\asper.xml\system\library\suppliers\YandexYmlParser.php on line 43
2019-07-17 12:30:56 - PHP Notice:  Undefined offset: 1 in D:\Server\www\asper.xml\system\library\suppliers\YandexYmlParser.php on line 93
2019-07-17 12:30:56 - PHP Notice:  Undefined offset: 0 in D:\Server\www\asper.xml\system\library\suppliers\YandexYmlParser.php on line 44
2019-07-17 12:30:56 - PHP Notice:  Uninitialized string offset: 0 in D:\Server\www\asper.xml\system\library\suppliers\YandexYmlParser.php on line 61
2019-07-17 12:30:56 - PHP Notice:  Uninitialized string offset: 1 in D:\Server\www\asper.xml\system\library\suppliers\YandexYmlParser.php on line 61
2019-07-17 12:34:56 - PHP Warning:  mkdir(): Permission denied in D:\Server\www\asper.xml\system\library\suppliers\AbstractParser.php on line 57
2019-07-17 12:34:56 - PHP Warning:  mkdir(): Permission denied in D:\Server\www\asper.xml\system\library\suppliers\AbstractParser.php on line 57
2019-07-17 12:34:56 - PHP Warning:  mkdir(): Permission denied in D:\Server\www\asper.xml\system\library\suppliers\AbstractParser.php on line 57
2019-07-17 12:34:56 - PHP Warning:  mkdir(): Permission denied in D:\Server\www\asper.xml\system\library\suppliers\AbstractParser.php on line 57
2019-07-17 12:34:56 - PHP Warning:  mkdir(): Permission denied in D:\Server\www\asper.xml\system\library\suppliers\AbstractParser.php on line 57
2019-07-17 12:34:56 - PHP Warning:  mkdir(): Permission denied in D:\Server\www\asper.xml\system\library\suppliers\AbstractParser.php on line 57
2019-07-17 12:34:56 - PHP Warning:  mkdir(): Permission denied in D:\Server\www\asper.xml\system\library\suppliers\AbstractParser.php on line 57
2019-07-17 12:34:56 - PHP Warning:  mkdir(): Permission denied in D:\Server\www\asper.xml\system\library\suppliers\AbstractParser.php on line 57
2019-07-17 12:34:56 - PHP Notice:  Undefined offset: 1 in D:\Server\www\asper.xml\system\library\suppliers\YandexYmlParser.php on line 87
2019-07-17 12:34:56 - PHP Notice:  Undefined offset: 1 in D:\Server\www\asper.xml\system\library\suppliers\YandexYmlParser.php on line 80
2019-07-17 12:34:56 - PHP Notice:  Undefined offset: 1 in D:\Server\www\asper.xml\system\library\suppliers\YandexYmlParser.php on line 99
2019-07-17 12:34:56 - PHP Notice:  Undefined offset: 1 in D:\Server\www\asper.xml\system\library\suppliers\YandexYmlParser.php on line 93
2019-07-17 12:34:56 - PHP Notice:  Uninitialized string offset: 0 in D:\Server\www\asper.xml\system\library\suppliers\YandexYmlParser.php on line 61
2019-07-17 12:34:56 - PHP Notice:  Uninitialized string offset: 1 in D:\Server\www\asper.xml\system\library\suppliers\YandexYmlParser.php on line 61
2019-07-17 12:38:43 - PHP Warning:  mkdir(): Permission denied in D:\Server\www\asper.xml\system\library\suppliers\AbstractParser.php on line 57
2019-07-17 12:38:43 - PHP Warning:  mkdir(): Permission denied in D:\Server\www\asper.xml\system\library\suppliers\AbstractParser.php on line 57
2019-07-17 12:38:43 - PHP Warning:  mkdir(): Permission denied in D:\Server\www\asper.xml\system\library\suppliers\AbstractParser.php on line 57
2019-07-17 12:38:43 - PHP Warning:  mkdir(): Permission denied in D:\Server\www\asper.xml\system\library\suppliers\AbstractParser.php on line 57
2019-07-17 12:38:43 - PHP Warning:  mkdir(): Permission denied in D:\Server\www\asper.xml\system\library\suppliers\AbstractParser.php on line 57
2019-07-17 12:38:43 - PHP Warning:  mkdir(): Permission denied in D:\Server\www\asper.xml\system\library\suppliers\AbstractParser.php on line 57
2019-07-17 12:38:43 - PHP Warning:  mkdir(): Permission denied in D:\Server\www\asper.xml\system\library\suppliers\AbstractParser.php on line 57
2019-07-17 12:38:43 - PHP Warning:  mkdir(): Permission denied in D:\Server\www\asper.xml\system\library\suppliers\AbstractParser.php on line 57
2019-07-17 12:38:43 - PHP Notice:  Undefined offset: 1 in D:\Server\www\asper.xml\system\library\suppliers\YandexYmlParser.php on line 87
2019-07-17 12:38:43 - PHP Notice:  Undefined offset: 1 in D:\Server\www\asper.xml\system\library\suppliers\YandexYmlParser.php on line 80
2019-07-17 12:38:43 - PHP Notice:  Undefined offset: 1 in D:\Server\www\asper.xml\system\library\suppliers\YandexYmlParser.php on line 99
2019-07-17 12:38:43 - PHP Notice:  Undefined offset: 1 in D:\Server\www\asper.xml\system\library\suppliers\YandexYmlParser.php on line 93
2019-07-17 12:38:43 - PHP Notice:  Uninitialized string offset: 0 in D:\Server\www\asper.xml\system\library\suppliers\YandexYmlParser.php on line 61
2019-07-17 12:38:43 - PHP Notice:  Uninitialized string offset: 1 in D:\Server\www\asper.xml\system\library\suppliers\YandexYmlParser.php on line 61
2019-07-17 12:38:56 - PHP Warning:  mkdir(): Permission denied in D:\Server\www\asper.xml\system\library\suppliers\AbstractParser.php on line 57
2019-07-17 12:38:56 - PHP Warning:  mkdir(): Permission denied in D:\Server\www\asper.xml\system\library\suppliers\AbstractParser.php on line 57
2019-07-17 12:38:56 - PHP Warning:  mkdir(): Permission denied in D:\Server\www\asper.xml\system\library\suppliers\AbstractParser.php on line 57
2019-07-17 12:38:56 - PHP Warning:  mkdir(): Permission denied in D:\Server\www\asper.xml\system\library\suppliers\AbstractParser.php on line 57
2019-07-17 12:38:56 - PHP Warning:  mkdir(): Permission denied in D:\Server\www\asper.xml\system\library\suppliers\AbstractParser.php on line 57
2019-07-17 12:38:56 - PHP Warning:  mkdir(): Permission denied in D:\Server\www\asper.xml\system\library\suppliers\AbstractParser.php on line 57
2019-07-17 12:38:56 - PHP Warning:  mkdir(): Permission denied in D:\Server\www\asper.xml\system\library\suppliers\AbstractParser.php on line 57
2019-07-17 12:38:56 - PHP Warning:  mkdir(): Permission denied in D:\Server\www\asper.xml\system\library\suppliers\AbstractParser.php on line 57
2019-07-17 12:38:56 - PHP Notice:  Undefined offset: 1 in D:\Server\www\asper.xml\system\library\suppliers\YandexYmlParser.php on line 87
2019-07-17 12:38:56 - PHP Notice:  Undefined offset: 1 in D:\Server\www\asper.xml\system\library\suppliers\YandexYmlParser.php on line 80
2019-07-17 12:38:56 - PHP Notice:  Undefined offset: 1 in D:\Server\www\asper.xml\system\library\suppliers\YandexYmlParser.php on line 99
2019-07-17 12:38:56 - PHP Notice:  Undefined offset: 1 in D:\Server\www\asper.xml\system\library\suppliers\YandexYmlParser.php on line 93
2019-07-17 12:38:56 - PHP Notice:  Uninitialized string offset: 0 in D:\Server\www\asper.xml\system\library\suppliers\YandexYmlParser.php on line 61
2019-07-17 12:38:56 - PHP Notice:  Uninitialized string offset: 1 in D:\Server\www\asper.xml\system\library\suppliers\YandexYmlParser.php on line 61
2019-07-17 13:50:50 - PHP Warning:  mkdir(): Permission denied in D:\Server\www\asper.xml\system\library\suppliers\AbstractParser.php on line 57
2019-07-17 13:50:50 - PHP Warning:  mkdir(): Permission denied in D:\Server\www\asper.xml\system\library\suppliers\AbstractParser.php on line 57
2019-07-17 13:50:50 - PHP Warning:  mkdir(): Permission denied in D:\Server\www\asper.xml\system\library\suppliers\AbstractParser.php on line 57
2019-07-17 13:50:50 - PHP Warning:  mkdir(): Permission denied in D:\Server\www\asper.xml\system\library\suppliers\AbstractParser.php on line 57
2019-07-17 13:50:50 - PHP Warning:  mkdir(): Permission denied in D:\Server\www\asper.xml\system\library\suppliers\AbstractParser.php on line 57
2019-07-17 13:50:50 - PHP Warning:  mkdir(): Permission denied in D:\Server\www\asper.xml\system\library\suppliers\AbstractParser.php on line 57
2019-07-17 13:50:50 - PHP Warning:  mkdir(): Permission denied in D:\Server\www\asper.xml\system\library\suppliers\AbstractParser.php on line 57
2019-07-17 13:50:50 - PHP Warning:  mkdir(): Permission denied in D:\Server\www\asper.xml\system\library\suppliers\AbstractParser.php on line 57
2019-07-17 13:50:50 - PHP Notice:  Undefined offset: 1 in D:\Server\www\asper.xml\system\library\suppliers\YandexYmlParser.php on line 87
2019-07-17 13:50:50 - PHP Notice:  Undefined offset: 1 in D:\Server\www\asper.xml\system\library\suppliers\YandexYmlParser.php on line 80
2019-07-17 13:50:50 - PHP Notice:  Undefined offset: 1 in D:\Server\www\asper.xml\system\library\suppliers\YandexYmlParser.php on line 99
2019-07-17 13:50:50 - PHP Notice:  Undefined offset: 1 in D:\Server\www\asper.xml\system\library\suppliers\YandexYmlParser.php on line 93
2019-07-17 13:50:50 - PHP Notice:  Uninitialized string offset: 0 in D:\Server\www\asper.xml\system\library\suppliers\YandexYmlParser.php on line 61
2019-07-17 13:50:50 - PHP Notice:  Uninitialized string offset: 1 in D:\Server\www\asper.xml\system\library\suppliers\YandexYmlParser.php on line 61
2019-07-17 13:50:50 - PHP Warning:  Invalid argument supplied for foreach() in D:\Server\www\asper.xml\system\library\suppliers\SupplierParser.php on line 52
2019-07-17 13:54:24 - PHP Notice:  Undefined offset: 1 in D:\Server\www\asper.xml\system\library\suppliers\YandexYmlParser.php on line 88
2019-07-17 13:54:24 - PHP Notice:  Undefined offset: 1 in D:\Server\www\asper.xml\system\library\suppliers\YandexYmlParser.php on line 81
2019-07-17 13:54:24 - PHP Notice:  Undefined offset: 1 in D:\Server\www\asper.xml\system\library\suppliers\YandexYmlParser.php on line 100
2019-07-17 13:54:24 - PHP Notice:  Undefined offset: 1 in D:\Server\www\asper.xml\system\library\suppliers\YandexYmlParser.php on line 94
2019-07-17 13:54:24 - PHP Notice:  Uninitialized string offset: 0 in D:\Server\www\asper.xml\system\library\suppliers\YandexYmlParser.php on line 62
2019-07-17 13:54:24 - PHP Notice:  Uninitialized string offset: 1 in D:\Server\www\asper.xml\system\library\suppliers\YandexYmlParser.php on line 62
2019-07-17 13:54:24 - PHP Warning:  Invalid argument supplied for foreach() in D:\Server\www\asper.xml\system\library\suppliers\SupplierParser.php on line 52
2019-07-17 14:04:40 - PHP Notice:  Undefined offset: 1 in D:\Server\www\asper.xml\system\library\suppliers\YandexYmlParser.php on line 88
2019-07-17 14:04:40 - PHP Notice:  Undefined offset: 1 in D:\Server\www\asper.xml\system\library\suppliers\YandexYmlParser.php on line 81
2019-07-17 14:04:40 - PHP Notice:  Undefined offset: 1 in D:\Server\www\asper.xml\system\library\suppliers\YandexYmlParser.php on line 100
2019-07-17 14:04:40 - PHP Notice:  Undefined offset: 1 in D:\Server\www\asper.xml\system\library\suppliers\YandexYmlParser.php on line 94
2019-07-17 14:04:40 - PHP Notice:  Uninitialized string offset: 0 in D:\Server\www\asper.xml\system\library\suppliers\YandexYmlParser.php on line 62
2019-07-17 14:04:40 - PHP Notice:  Uninitialized string offset: 1 in D:\Server\www\asper.xml\system\library\suppliers\YandexYmlParser.php on line 62
2019-07-17 14:05:53 - PHP Notice:  Undefined offset: 1 in D:\Server\www\asper.xml\system\library\suppliers\YandexYmlParser.php on line 89
2019-07-17 14:05:53 - PHP Notice:  Undefined offset: 1 in D:\Server\www\asper.xml\system\library\suppliers\YandexYmlParser.php on line 82
2019-07-17 14:05:53 - PHP Notice:  Undefined offset: 1 in D:\Server\www\asper.xml\system\library\suppliers\YandexYmlParser.php on line 101
2019-07-17 14:05:53 - PHP Notice:  Undefined offset: 1 in D:\Server\www\asper.xml\system\library\suppliers\YandexYmlParser.php on line 95
2019-07-17 14:05:53 - PHP Notice:  Uninitialized string offset: 0 in D:\Server\www\asper.xml\system\library\suppliers\YandexYmlParser.php on line 63
2019-07-17 14:05:53 - PHP Notice:  Uninitialized string offset: 1 in D:\Server\www\asper.xml\system\library\suppliers\YandexYmlParser.php on line 63
2019-07-17 14:05:53 - PHP Notice:  Undefined index: path in D:\Server\www\asper.xml\system\library\suppliers\SupplierParser.php on line 73
2019-07-17 14:05:54 - PHP Notice:  Undefined index: category_id in D:\Server\www\asper.xml\system\library\suppliers\SupplierParser.php on line 175
2019-07-17 14:06:16 - PHP Notice:  Undefined offset: 1 in D:\Server\www\asper.xml\system\library\suppliers\YandexYmlParser.php on line 90
2019-07-17 14:06:16 - PHP Notice:  Undefined offset: 1 in D:\Server\www\asper.xml\system\library\suppliers\YandexYmlParser.php on line 83
2019-07-17 14:06:16 - PHP Notice:  Undefined offset: 1 in D:\Server\www\asper.xml\system\library\suppliers\YandexYmlParser.php on line 102
2019-07-17 14:06:16 - PHP Notice:  Undefined offset: 1 in D:\Server\www\asper.xml\system\library\suppliers\YandexYmlParser.php on line 96
2019-07-17 14:06:16 - PHP Notice:  Uninitialized string offset: 0 in D:\Server\www\asper.xml\system\library\suppliers\YandexYmlParser.php on line 64
2019-07-17 14:06:16 - PHP Notice:  Uninitialized string offset: 1 in D:\Server\www\asper.xml\system\library\suppliers\YandexYmlParser.php on line 64
2019-07-17 14:07:35 - PHP Notice:  Undefined offset: 1 in D:\Server\www\asper.xml\system\library\suppliers\YandexYmlParser.php on line 90
2019-07-17 14:07:35 - PHP Notice:  Undefined offset: 1 in D:\Server\www\asper.xml\system\library\suppliers\YandexYmlParser.php on line 83
2019-07-17 14:07:35 - PHP Notice:  Undefined offset: 1 in D:\Server\www\asper.xml\system\library\suppliers\YandexYmlParser.php on line 102
2019-07-17 14:07:35 - PHP Notice:  Undefined offset: 1 in D:\Server\www\asper.xml\system\library\suppliers\YandexYmlParser.php on line 96
2019-07-17 14:07:35 - PHP Notice:  Uninitialized string offset: 0 in D:\Server\www\asper.xml\system\library\suppliers\YandexYmlParser.php on line 64
2019-07-17 14:07:35 - PHP Notice:  Uninitialized string offset: 1 in D:\Server\www\asper.xml\system\library\suppliers\YandexYmlParser.php on line 64
2019-07-17 14:12:49 - PHP Notice:  Undefined index: path in D:\Server\www\asper.xml\system\library\suppliers\SupplierParser.php on line 73
2019-07-17 14:12:49 - PHP Notice:  Undefined index: path in D:\Server\www\asper.xml\system\library\suppliers\SupplierParser.php on line 73
2019-07-17 14:12:49 - PHP Notice:  Undefined index: path in D:\Server\www\asper.xml\system\library\suppliers\SupplierParser.php on line 73
2019-07-17 14:20:35 - PHP Notice:  Undefined property: suppliers\SupplierParser::$quantity in D:\Server\www\asper.xml\system\library\suppliers\SupplierParser.php on line 179
2019-07-17 14:20:35 - PHP Notice:  Undefined property: suppliers\SupplierParser::$stock_status_id in D:\Server\www\asper.xml\system\library\suppliers\SupplierParser.php on line 179
2019-07-17 14:55:59 - PHP Notice:  Undefined index: description in D:\Server\www\asper.xml\system\library\suppliers\SupplierParser.php on line 186
2019-07-17 14:55:59 - PHP Notice:  Undefined index: description in D:\Server\www\asper.xml\system\library\suppliers\SupplierParser.php on line 186
2019-07-17 14:55:59 - PHP Notice:  Undefined index: description in D:\Server\www\asper.xml\system\library\suppliers\SupplierParser.php on line 186
2019-07-17 14:55:59 - PHP Notice:  Undefined index: description in D:\Server\www\asper.xml\system\library\suppliers\SupplierParser.php on line 186
2019-07-17 14:55:59 - PHP Notice:  Undefined index: description in D:\Server\www\asper.xml\system\library\suppliers\SupplierParser.php on line 186
2019-07-17 14:55:59 - PHP Notice:  Undefined index: description in D:\Server\www\asper.xml\system\library\suppliers\SupplierParser.php on line 186
2019-07-17 17:52:51 - PHP Notice:  Array to string conversion in D:\Server\www\asper.xml\admin\controller\extension\module\asper_xml_suppliers.php on line 259
2019-07-17 17:52:51 - PHP Notice:  Array to string conversion in D:\Server\www\asper.xml\admin\controller\extension\module\asper_xml_suppliers.php on line 259
2019-07-17 17:52:51 - PHP Notice:  Indirect modification of overloaded property ControllerExtensionModuleAsperXmlSuppliers::$Array has no effect in D:\Server\www\asper.xml\admin\controller\extension\module\asper_xml_suppliers.php on line 259
2019-07-17 18:07:52 - PHP Notice:  Undefined index: quantity in D:\Server\www\asper.xml\admin\controller\extension\module\asper_xml_suppliers.php on line 254
2019-07-17 18:07:52 - PHP Notice:  Undefined index: stock_status_id in D:\Server\www\asper.xml\admin\controller\extension\module\asper_xml_suppliers.php on line 255
